[debug] [2022-06-15T06:33:35.524Z] ----------------------------------------------------------------------
[debug] [2022-06-15T06:33:35.526Z] Command:       /usr/local/bin/node /usr/local/bin/firebase init
[debug] [2022-06-15T06:33:35.527Z] CLI Version:   11.1.0
[debug] [2022-06-15T06:33:35.527Z] Platform:      darwin
[debug] [2022-06-15T06:33:35.527Z] Node Version:  v18.3.0
[debug] [2022-06-15T06:33:35.529Z] Time:          Wed Jun 15 2022 12:03:35 GMT+0530 (India Standard Time)
[debug] [2022-06-15T06:33:35.529Z] ----------------------------------------------------------------------
[debug] 
[debug] [2022-06-15T06:33:35.540Z] > command requires scopes: ["email","openid","https://www.googleapis.com/auth/cloudplatformprojects.readonly","https://www.googleapis.com/auth/firebase","https://www.googleapis.com/auth/cloud-platform"]
[debug] [2022-06-15T06:33:35.540Z] > authorizing via signed-in user (yashrana1311@gmail.com)
[info] 
     ######## #### ########  ######## ########     ###     ######  ########
     ##        ##  ##     ## ##       ##     ##  ##   ##  ##       ##
     ######    ##  ########  ######   ########  #########  ######  ######
     ##        ##  ##    ##  ##       ##     ## ##     ##       ## ##
     ##       #### ##     ## ######## ########  ##     ##  ######  ########

You're about to initialize a Firebase project in this directory:

  /Users/yash/Desktop/Tinder-Clone/tinder-clone

[info] 
=== Project Setup
[info] 
[info] First, let's associate this project directory with a Firebase project.
[info] You can create multiple project aliases by running firebase use --add, 
[info] but for now we'll just set up a default project.
[info] 
[debug] [2022-06-15T06:34:26.837Z] >>> [apiv2][query] GET https://firebase.googleapis.com/v1beta1/projects pageSize=100
[debug] [2022-06-15T06:34:27.989Z] <<< [apiv2][status] GET https://firebase.googleapis.com/v1beta1/projects 200
[debug] [2022-06-15T06:34:27.989Z] <<< [apiv2][body] GET https://firebase.googleapis.com/v1beta1/projects [omitted]
[info] i  Using project tinder-clone-7b7bb (tinder-clone) 
[info] 
=== Hosting Setup
[info] 
[info] Your public directory is the folder (relative to your project directory) that
[info] will contain Hosting assets to be uploaded with firebase deploy. If you
[info] have a build process for your assets, use your build's output directory.
[info] 
[debug] [2022-06-15T06:35:09.024Z] >>> [apiv2][query] GET https://www.gstatic.com/firebasejs/releases.json [none]
[debug] [2022-06-15T06:35:09.173Z] <<< [apiv2][status] GET https://www.gstatic.com/firebasejs/releases.json 200
[debug] [2022-06-15T06:35:09.173Z] <<< [apiv2][body] GET https://www.gstatic.com/firebasejs/releases.json {"current":{"version":"9.8.3","browserURL":"https://www.gstatic.com/firebasejs/9.8.3/firebase.js","packageURL":"https://www.gstatic.com/firebasejs/9.8.3/firebase.tgz"},"live":{"version":"9.8","browserURL":"https://www.gstatic.com/firebasejs/live/9.8/firebase.js","packageURL":"https://www.gstatic.com/firebasejs/live/9.8/firebase.tgz"},"components":{"analytics":"https://www.gstatic.com/firebasejs/9.8.3/firebase-analytics.js","app":"https://www.gstatic.com/firebasejs/9.8.3/firebase-app.js","app-check":"https://www.gstatic.com/firebasejs/9.8.3/firebase-app-check.js","auth":"https://www.gstatic.com/firebasejs/9.8.3/firebase-auth.js","auth/cordova":"https://www.gstatic.com/firebasejs/9.8.3/firebase-auth/cordova.js","auth/react-native":"https://www.gstatic.com/firebasejs/9.8.3/firebase-auth/react-native.js","functions":"https://www.gstatic.com/firebasejs/9.8.3/firebase-functions.js","firestore":"https://www.gstatic.com/firebasejs/9.8.3/firebase-firestore.js","firestore/lite":"https://www.gstatic.com/firebasejs/9.8.3/firebase-firestore/lite.js","storage":"https://www.gstatic.com/firebasejs/9.8.3/firebase-storage.js","performance":"https://www.gstatic.com/firebasejs/9.8.3/firebase-performance.js","remote-config":"https://www.gstatic.com/firebasejs/9.8.3/firebase-remote-config.js","messaging":"https://www.gstatic.com/firebasejs/9.8.3/firebase-messaging.js","messaging/sw":"https://www.gstatic.com/firebasejs/9.8.3/firebase-messaging/sw.js","database":"https://www.gstatic.com/firebasejs/9.8.3/firebase-database.js","firestore.memory":"https://www.gstatic.com/firebasejs/9.8.3/firebase-firestore.memory.js"}}
[info] ✔  Wrote build/index.html 
[info] 
[info] i  Detected a .git folder at /Users/yash/Desktop/Tinder-Clone/tinder-clone 
[info] i  Authorizing with GitHub to upload your service account to a GitHub repository's secrets store. 
[info] 
[info] Visit this URL on this device to log in:
[info] https://github.com/login/oauth/authorize?client_id=89cf50f02ac6aaed3484&state=307153779&redirect_uri=http%3A%2F%2Flocalhost%3A9005&scope=read%3Auser%20repo%20public_repo
[info] 
[info] Waiting for authentication...
[debug] [2022-06-15T06:35:53.469Z] >>> [apiv2][query] POST https://github.com/login/oauth/access_token [none]
[debug] [2022-06-15T06:35:53.469Z] >>> [apiv2][body] POST https://github.com/login/oauth/access_token [stream]
[debug] [2022-06-15T06:35:53.913Z] <<< [apiv2][status] POST https://github.com/login/oauth/access_token 200
[debug] [2022-06-15T06:35:53.913Z] <<< [apiv2][body] POST https://github.com/login/oauth/access_token {"access_token":"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","token_type":"bearer","scope":"read:user,repo"}
[debug] [2022-06-15T06:35:53.925Z] >>> [apiv2][query] GET https://api.github.com/user [none]
[debug] [2022-06-15T06:35:54.343Z] <<< [apiv2][status] GET https://api.github.com/user 200
[debug] [2022-06-15T06:35:54.343Z] <<< [apiv2][body] GET https://api.github.com/user {"login":"yash-pratap-singh","id":104420171,"node_id":"U_kgDOBjlTSw","avatar_url":"https://avatars.githubusercontent.com/u/104420171?v=4","gravatar_id":"","url":"https://api.github.com/users/yash-pratap-singh","html_url":"https://github.com/yash-pratap-singh","followers_url":"https://api.github.com/users/yash-pratap-singh/followers","following_url":"https://api.github.com/users/yash-pratap-singh/following{/other_user}","gists_url":"https://api.github.com/users/yash-pratap-singh/gists{/gist_id}","starred_url":"https://api.github.com/users/yash-pratap-singh/starred{/owner}{/repo}","subscriptions_url":"https://api.github.com/users/yash-pratap-singh/subscriptions","organizations_url":"https://api.github.com/users/yash-pratap-singh/orgs","repos_url":"https://api.github.com/users/yash-pratap-singh/repos","events_url":"https://api.github.com/users/yash-pratap-singh/events{/privacy}","received_events_url":"https://api.github.com/users/yash-pratap-singh/received_events","type":"User","site_admin":false,"name":"Yash pratap singh","company":null,"blog":"","location":null,"email":"yashrana1311@gmail.com","hireable":null,"bio":"I care deeply about creating world-class, useful, and beautiful websites that help people and make a difference.","twitter_username":null,"public_repos":12,"public_gists":0,"followers":0,"following":1,"created_at":"2022-04-26T07:47:21Z","updated_at":"2022-06-13T05:03:56Z","private_gists":0,"total_private_repos":0,"owned_private_repos":0,"disk_usage":24125,"collaborators":0,"two_factor_authentication":false,"plan":{"name":"free","space":976562499,"collaborators":0,"private_repos":10000}}
[info] 
[info] ✔  Success! Logged into GitHub as yash-pratap-singh 
[info] 
[debug] [2022-06-15T06:36:08.009Z] >>> [apiv2][query] GET https://api.github.com/repos//actions/secrets/public-key type=owner
[debug] [2022-06-15T06:36:08.362Z] <<< [apiv2][status] GET https://api.github.com/repos//actions/secrets/public-key 404
[debug] [2022-06-15T06:36:08.362Z] <<< [apiv2][body] GET https://api.github.com/repos//actions/secrets/public-key {"message":"Not Found","documentation_url":"https://docs.github.com/rest"}
[debug] [2022-06-15T06:36:08.757Z] >>> [apiv2][query] GET https://api.github.com/repos//actions/secrets/public-key type=owner
[debug] [2022-06-15T06:36:09.150Z] <<< [apiv2][status] GET https://api.github.com/repos//actions/secrets/public-key 404
[debug] [2022-06-15T06:36:09.151Z] <<< [apiv2][body] GET https://api.github.com/repos//actions/secrets/public-key {"message":"Not Found","documentation_url":"https://docs.github.com/rest"}
